[ 25%] [32mBuilding CXX object CMakeFiles/mobility_driver_lib.dir/src/MobilityDriver.cpp.o[0m
[ 50%] [32m[1mLinking CXX static library libmobility_driver_lib.a[0m
[ 50%] Built target mobility_driver_lib
[ 75%] [32mBuilding CXX object CMakeFiles/mobility_driver_node.dir/src/mobility_driver_node.cpp.o[0m
[100%] [32m[1mLinking CXX executable mobility_driver_node[0m
[100%] Built target mobility_driver_node
-- Install configuration: ""
-- Installing: /home/ubuntu/workspace/install/mobility_driver/share/ament_index/resource_index/package_run_dependencies/mobility_driver
-- Installing: /home/ubuntu/workspace/install/mobility_driver/share/ament_index/resource_index/parent_prefix_path/mobility_driver
-- Installing: /home/ubuntu/workspace/install/mobility_driver/share/mobility_driver/environment/ament_prefix_path.sh
-- Installing: /home/ubuntu/workspace/install/mobility_driver/share/mobility_driver/environment/ament_prefix_path.dsv
-- Installing: /home/ubuntu/workspace/install/mobility_driver/share/mobility_driver/environment/path.sh
-- Installing: /home/ubuntu/workspace/install/mobility_driver/share/mobility_driver/environment/path.dsv
-- Installing: /home/ubuntu/workspace/install/mobility_driver/share/mobility_driver/local_setup.bash
-- Installing: /home/ubuntu/workspace/install/mobility_driver/share/mobility_driver/local_setup.sh
-- Installing: /home/ubuntu/workspace/install/mobility_driver/share/mobility_driver/local_setup.zsh
-- Installing: /home/ubuntu/workspace/install/mobility_driver/share/mobility_driver/local_setup.dsv
-- Installing: /home/ubuntu/workspace/install/mobility_driver/share/mobility_driver/package.dsv
-- Installing: /home/ubuntu/workspace/install/mobility_driver/share/ament_index/resource_index/packages/mobility_driver
-- Installing: /home/ubuntu/workspace/install/mobility_driver/share/mobility_driver/cmake/mobility_driverConfig.cmake
-- Installing: /home/ubuntu/workspace/install/mobility_driver/share/mobility_driver/cmake/mobility_driverConfig-version.cmake
-- Installing: /home/ubuntu/workspace/install/mobility_driver/share/mobility_driver/package.xml
