[0.011s] Invoking command in '/home/ubuntu/workspace/build/mobility_driver': CMAKE_PREFIX_PATH=${CMAKE_PREFIX_PATH}:/opt/ros/rolling /usr/bin/cmake --build /home/ubuntu/workspace/build/mobility_driver -- -j12 -l12
[0.036s] -- Found ament_cmake: 2.6.0 (/opt/ros/rolling/share/ament_cmake/cmake)
[0.192s] -- Found rclcpp: 28.2.0 (/opt/ros/rolling/share/rclcpp/cmake)
[0.212s] -- Found rosidl_generator_c: 4.7.0 (/opt/ros/rolling/share/rosidl_generator_c/cmake)
[0.220s] -- Found rosidl_generator_cpp: 4.7.0 (/opt/ros/rolling/share/rosidl_generator_cpp/cmake)
[0.229s] -- Using all available rosidl_typesupport_c: rosidl_typesupport_fastrtps_c;rosidl_typesupport_introspection_c
[0.241s] -- Using all available rosidl_typesupport_cpp: rosidl_typesupport_fastrtps_cpp;rosidl_typesupport_introspection_cpp
[0.299s] -- Found rmw_implementation_cmake: 7.4.0 (/opt/ros/rolling/share/rmw_implementation_cmake/cmake)
[0.300s] -- Found rmw_fastrtps_cpp: 8.5.0 (/opt/ros/rolling/share/rmw_fastrtps_cpp/cmake)
[0.351s] -- Using RMW implementation 'rmw_fastrtps_cpp' as default
[0.405s] -- Found ament_lint_auto: 0.18.0 (/opt/ros/rolling/share/ament_lint_auto/cmake)
[0.488s] -- Added test 'cppcheck' to perform static code analysis on C / C++ code
[0.488s] -- Configured cppcheck include dirs: $<BUILD_INTERFACE:/home/ubuntu/workspace/src/mobility_driver/include>
[0.488s] -- Configured cppcheck exclude dirs and/or files: 
[0.489s] -- Added test 'lint_cmake' to check CMake code style
[0.490s] -- Added test 'uncrustify' to check C / C++ code style
[0.490s] -- Configured uncrustify additional arguments: 
[0.490s] -- Added test 'xmllint' to check XML markup files
[0.491s] -- Configuring done (0.5s)
[0.504s] -- Generating done (0.0s)
[0.505s] -- Build files have been written to: /home/ubuntu/workspace/build/mobility_driver
[0.552s] [ 25%] [32mBuilding CXX object CMakeFiles/mobility_driver_lib.dir/src/MobilityDriver.cpp.o[0m
[3.121s] [ 50%] [32m[1mLinking CXX static library libmobility_driver_lib.a[0m
[3.149s] [ 50%] Built target mobility_driver_lib
[3.183s] [ 75%] [32mBuilding CXX object CMakeFiles/mobility_driver_node.dir/src/mobility_driver_node.cpp.o[0m
[5.860s] [100%] [32m[1mLinking CXX executable mobility_driver_node[0m
[5.951s] [100%] Built target mobility_driver_node
[5.962s] Invoked command in '/home/ubuntu/workspace/build/mobility_driver' returned '0': CMAKE_PREFIX_PATH=${CMAKE_PREFIX_PATH}:/opt/ros/rolling /usr/bin/cmake --build /home/ubuntu/workspace/build/mobility_driver -- -j12 -l12
[5.985s] Invoking command in '/home/ubuntu/workspace/build/mobility_driver': CMAKE_PREFIX_PATH=${CMAKE_PREFIX_PATH}:/opt/ros/rolling /usr/bin/cmake --install /home/ubuntu/workspace/build/mobility_driver
[5.991s] -- Install configuration: ""
[5.991s] -- Installing: /home/ubuntu/workspace/install/mobility_driver/include/mobility_driver
[5.991s] -- Installing: /home/ubuntu/workspace/install/mobility_driver/include/mobility_driver/mobility_driver
[5.991s] -- Installing: /home/ubuntu/workspace/install/mobility_driver/include/mobility_driver/mobility_driver/MobilityDriver.hpp
[5.992s] -- Installing: /home/ubuntu/workspace/install/mobility_driver/lib/libmobility_driver_lib.a
[5.992s] -- Installing: /home/ubuntu/workspace/install/mobility_driver/share/mobility_driver/environment/library_path.sh
[5.992s] -- Installing: /home/ubuntu/workspace/install/mobility_driver/share/mobility_driver/environment/library_path.dsv
[5.992s] -- Installing: /home/ubuntu/workspace/install/mobility_driver/lib/mobility_driver/mobility_driver_node
[5.993s] -- Set non-toolchain portion of runtime path of "/home/ubuntu/workspace/install/mobility_driver/lib/mobility_driver/mobility_driver_node" to ""
[5.993s] -- Up-to-date: /home/ubuntu/workspace/install/mobility_driver/share/ament_index/resource_index/package_run_dependencies/mobility_driver
[5.993s] -- Installing: /home/ubuntu/workspace/install/mobility_driver/share/ament_index/resource_index/parent_prefix_path/mobility_driver
[5.993s] -- Up-to-date: /home/ubuntu/workspace/install/mobility_driver/share/mobility_driver/environment/ament_prefix_path.sh
[5.993s] -- Up-to-date: /home/ubuntu/workspace/install/mobility_driver/share/mobility_driver/environment/ament_prefix_path.dsv
[5.993s] -- Up-to-date: /home/ubuntu/workspace/install/mobility_driver/share/mobility_driver/environment/path.sh
[5.993s] -- Up-to-date: /home/ubuntu/workspace/install/mobility_driver/share/mobility_driver/environment/path.dsv
[5.993s] -- Up-to-date: /home/ubuntu/workspace/install/mobility_driver/share/mobility_driver/local_setup.bash
[5.994s] -- Installing: /home/ubuntu/workspace/install/mobility_driver/share/mobility_driver/local_setup.sh
[5.994s] -- Up-to-date: /home/ubuntu/workspace/install/mobility_driver/share/mobility_driver/local_setup.zsh
[5.994s] -- Installing: /home/ubuntu/workspace/install/mobility_driver/share/mobility_driver/local_setup.dsv
[5.994s] -- Installing: /home/ubuntu/workspace/install/mobility_driver/share/mobility_driver/package.dsv
[5.994s] -- Up-to-date: /home/ubuntu/workspace/install/mobility_driver/share/ament_index/resource_index/packages/mobility_driver
[5.994s] -- Installing: /home/ubuntu/workspace/install/mobility_driver/share/mobility_driver/cmake/export_mobility_driverExport.cmake
[5.994s] -- Installing: /home/ubuntu/workspace/install/mobility_driver/share/mobility_driver/cmake/export_mobility_driverExport-noconfig.cmake
[5.994s] -- Installing: /home/ubuntu/workspace/install/mobility_driver/share/mobility_driver/cmake/ament_cmake_export_targets-extras.cmake
[5.995s] -- Installing: /home/ubuntu/workspace/install/mobility_driver/share/mobility_driver/cmake/ament_cmake_export_dependencies-extras.cmake
[5.995s] -- Installing: /home/ubuntu/workspace/install/mobility_driver/share/mobility_driver/cmake/mobility_driverConfig.cmake
[5.995s] -- Up-to-date: /home/ubuntu/workspace/install/mobility_driver/share/mobility_driver/cmake/mobility_driverConfig-version.cmake
[5.995s] -- Up-to-date: /home/ubuntu/workspace/install/mobility_driver/share/mobility_driver/package.xml
[5.996s] Invoked command in '/home/ubuntu/workspace/build/mobility_driver' returned '0': CMAKE_PREFIX_PATH=${CMAKE_PREFIX_PATH}:/opt/ros/rolling /usr/bin/cmake --install /home/ubuntu/workspace/build/mobility_driver
