[0.014s] Invoking command in '/home/ubuntu/workspace/build/mobility_driver': CMAKE_PREFIX_PATH=${CMAKE_PREFIX_PATH}:/opt/ros/rolling /usr/bin/cmake --build /home/ubuntu/workspace/build/mobility_driver -- -j12 -l12
[0.038s] -- Found ament_cmake: 2.6.0 (/opt/ros/rolling/share/ament_cmake/cmake)
[0.196s] -- Found rclcpp: 28.2.0 (/opt/ros/rolling/share/rclcpp/cmake)
[0.217s] -- Found rosidl_generator_c: 4.7.0 (/opt/ros/rolling/share/rosidl_generator_c/cmake)
[0.225s] -- Found rosidl_generator_cpp: 4.7.0 (/opt/ros/rolling/share/rosidl_generator_cpp/cmake)
[0.236s] -- Using all available rosidl_typesupport_c: rosidl_typesupport_fastrtps_c;rosidl_typesupport_introspection_c
[0.247s] -- Using all available rosidl_typesupport_cpp: rosidl_typesupport_fastrtps_cpp;rosidl_typesupport_introspection_cpp
[0.303s] -- Found rmw_implementation_cmake: 7.4.0 (/opt/ros/rolling/share/rmw_implementation_cmake/cmake)
[0.304s] -- Found rmw_fastrtps_cpp: 8.5.0 (/opt/ros/rolling/share/rmw_fastrtps_cpp/cmake)
[0.355s] -- Using RMW implementation 'rmw_fastrtps_cpp' as default
[0.413s] -- Found ament_lint_auto: 0.18.0 (/opt/ros/rolling/share/ament_lint_auto/cmake)
[0.487s] -- Added test 'cppcheck' to perform static code analysis on C / C++ code
[0.488s] -- Configured cppcheck include dirs: $<BUILD_INTERFACE:/home/ubuntu/workspace/src/mobility_driver/include>;/home/ubuntu/workspace/src/mobility_driver/$<INSTALL_INTERFACE:include/mobility_driver
[0.488s] -- Configured cppcheck exclude dirs and/or files: 
[0.488s] -- Added test 'lint_cmake' to check CMake code style
[0.489s] -- Added test 'uncrustify' to check C / C++ code style
[0.490s] -- Configured uncrustify additional arguments: 
[0.490s] -- Added test 'xmllint' to check XML markup files
[0.491s] -- Configuring done (0.5s)
[0.503s] [31mCMake Error in CMakeLists.txt:
[0.503s]   Target "mobility_driver_lib" INTERFACE_INCLUDE_DIRECTORIES property
[0.503s]   contains path:
[0.503s] 
[0.503s]     "/home/ubuntu/workspace/src/mobility_driver/$<INSTALL_INTERFACE:include/mobility_driver"
[0.503s] 
[0.503s]   which is prefixed in the source directory.
[0.503s] 
[0.503s] [0m
[0.504s] -- Generating done (0.0s)
[0.505s] [0mCMake Generate step failed.  Build files cannot be regenerated correctly.[0m
[0.509s] gmake: *** [Makefile:308: cmake_check_build_system] Error 1
[0.511s] Invoked command in '/home/ubuntu/workspace/build/mobility_driver' returned '2': CMAKE_PREFIX_PATH=${CMAKE_PREFIX_PATH}:/opt/ros/rolling /usr/bin/cmake --build /home/ubuntu/workspace/build/mobility_driver -- -j12 -l12
