[0.012s] Invoking command in '/home/ubuntu/workspace/build/mobility_driver': CMAKE_PREFIX_PATH=${CMAKE_PREFIX_PATH}:/opt/ros/rolling /usr/bin/cmake --build /home/ubuntu/workspace/build/mobility_driver -- -j12 -l12
[0.076s] [ 25%] [32mBuilding CXX object CMakeFiles/mobility_driver_lib.dir/src/MobilityDriver.cpp.o[0m
[2.717s] [ 50%] [32m[1mLinking CXX static library libmobility_driver_lib.a[0m
[2.745s] [ 50%] Built target mobility_driver_lib
[2.783s] [ 75%] [32mBuilding CXX object CMakeFiles/mobility_driver_node.dir/src/mobility_driver_node.cpp.o[0m
[5.469s] [100%] [32m[1mLinking CXX executable mobility_driver_node[0m
[5.566s] [100%] Built target mobility_driver_node
[5.577s] Invoked command in '/home/ubuntu/workspace/build/mobility_driver' returned '0': CMAKE_PREFIX_PATH=${CMAKE_PREFIX_PATH}:/opt/ros/rolling /usr/bin/cmake --build /home/ubuntu/workspace/build/mobility_driver -- -j12 -l12
[5.599s] Invoking command in '/home/ubuntu/workspace/build/mobility_driver': CMAKE_PREFIX_PATH=${CMAKE_PREFIX_PATH}:/opt/ros/rolling /usr/bin/cmake --install /home/ubuntu/workspace/build/mobility_driver
[5.606s] -- Install configuration: ""
[5.606s] -- Up-to-date: /home/ubuntu/workspace/install/mobility_driver/include/mobility_driver
[5.606s] -- Up-to-date: /home/ubuntu/workspace/install/mobility_driver/include/mobility_driver/mobility_driver
[5.607s] -- Installing: /home/ubuntu/workspace/install/mobility_driver/include/mobility_driver/mobility_driver/MobilityDriver.hpp
[5.607s] -- Installing: /home/ubuntu/workspace/install/mobility_driver/lib/libmobility_driver_lib.a
[5.607s] -- Up-to-date: /home/ubuntu/workspace/install/mobility_driver/share/mobility_driver/environment/library_path.sh
[5.607s] -- Up-to-date: /home/ubuntu/workspace/install/mobility_driver/share/mobility_driver/environment/library_path.dsv
[5.607s] -- Installing: /home/ubuntu/workspace/install/mobility_driver/lib/mobility_driver/mobility_driver_node
[5.608s] -- Set non-toolchain portion of runtime path of "/home/ubuntu/workspace/install/mobility_driver/lib/mobility_driver/mobility_driver_node" to ""
[5.608s] -- Up-to-date: /home/ubuntu/workspace/install/mobility_driver/share/ament_index/resource_index/package_run_dependencies/mobility_driver
[5.608s] -- Up-to-date: /home/ubuntu/workspace/install/mobility_driver/share/ament_index/resource_index/parent_prefix_path/mobility_driver
[5.608s] -- Up-to-date: /home/ubuntu/workspace/install/mobility_driver/share/mobility_driver/environment/ament_prefix_path.sh
[5.608s] -- Up-to-date: /home/ubuntu/workspace/install/mobility_driver/share/mobility_driver/environment/ament_prefix_path.dsv
[5.608s] -- Up-to-date: /home/ubuntu/workspace/install/mobility_driver/share/mobility_driver/environment/path.sh
[5.609s] -- Up-to-date: /home/ubuntu/workspace/install/mobility_driver/share/mobility_driver/environment/path.dsv
[5.609s] -- Up-to-date: /home/ubuntu/workspace/install/mobility_driver/share/mobility_driver/local_setup.bash
[5.609s] -- Up-to-date: /home/ubuntu/workspace/install/mobility_driver/share/mobility_driver/local_setup.sh
[5.609s] -- Up-to-date: /home/ubuntu/workspace/install/mobility_driver/share/mobility_driver/local_setup.zsh
[5.609s] -- Up-to-date: /home/ubuntu/workspace/install/mobility_driver/share/mobility_driver/local_setup.dsv
[5.609s] -- Installing: /home/ubuntu/workspace/install/mobility_driver/share/mobility_driver/package.dsv
[5.609s] -- Up-to-date: /home/ubuntu/workspace/install/mobility_driver/share/ament_index/resource_index/packages/mobility_driver
[5.609s] -- Up-to-date: /home/ubuntu/workspace/install/mobility_driver/share/mobility_driver/cmake/export_mobility_driverExport.cmake
[5.610s] -- Up-to-date: /home/ubuntu/workspace/install/mobility_driver/share/mobility_driver/cmake/export_mobility_driverExport-noconfig.cmake
[5.610s] -- Up-to-date: /home/ubuntu/workspace/install/mobility_driver/share/mobility_driver/cmake/ament_cmake_export_targets-extras.cmake
[5.610s] -- Up-to-date: /home/ubuntu/workspace/install/mobility_driver/share/mobility_driver/cmake/ament_cmake_export_dependencies-extras.cmake
[5.610s] -- Up-to-date: /home/ubuntu/workspace/install/mobility_driver/share/mobility_driver/cmake/mobility_driverConfig.cmake
[5.610s] -- Up-to-date: /home/ubuntu/workspace/install/mobility_driver/share/mobility_driver/cmake/mobility_driverConfig-version.cmake
[5.611s] -- Up-to-date: /home/ubuntu/workspace/install/mobility_driver/share/mobility_driver/package.xml
[5.611s] Invoked command in '/home/ubuntu/workspace/build/mobility_driver' returned '0': CMAKE_PREFIX_PATH=${CMAKE_PREFIX_PATH}:/opt/ros/rolling /usr/bin/cmake --install /home/ubuntu/workspace/build/mobility_driver
