[ 25%] [32mBuilding CXX object CMakeFiles/mobility_driver_lib.dir/src/MobilityDriver.cpp.o[0m
[ 50%] [32m[1mLinking CXX static library libmobility_driver_lib.a[0m
[ 50%] Built target mobility_driver_lib
[ 75%] [32m[1mLinking CXX executable mobility_driver_node[0m
[100%] Built target mobility_driver_node
-- Install configuration: ""
-- Up-to-date: /home/ubuntu/workspace/install/mobility_driver/include/mobility_driver
-- Up-to-date: /home/ubuntu/workspace/install/mobility_driver/include/mobility_driver/mobility_driver
-- Up-to-date: /home/ubuntu/workspace/install/mobility_driver/include/mobility_driver/mobility_driver/MobilityDriver.hpp
-- Installing: /home/ubuntu/workspace/install/mobility_driver/lib/libmobility_driver_lib.a
-- Installing: /home/ubuntu/workspace/install/mobility_driver/lib/mobility_driver/mobility_driver_node
-- Set non-toolchain portion of runtime path of "/home/ubuntu/workspace/install/mobility_driver/lib/mobility_driver/mobility_driver_node" to ""
-- Up-to-date: /home/ubuntu/workspace/install/mobility_driver/share/mobility_driver/environment/library_path.sh
-- Up-to-date: /home/ubuntu/workspace/install/mobility_driver/share/mobility_driver/environment/library_path.dsv
-- Up-to-date: /home/ubuntu/workspace/install/mobility_driver/share/ament_index/resource_index/package_run_dependencies/mobility_driver
-- Up-to-date: /home/ubuntu/workspace/install/mobility_driver/share/ament_index/resource_index/parent_prefix_path/mobility_driver
-- Up-to-date: /home/ubuntu/workspace/install/mobility_driver/share/mobility_driver/environment/ament_prefix_path.sh
-- Up-to-date: /home/ubuntu/workspace/install/mobility_driver/share/mobility_driver/environment/ament_prefix_path.dsv
-- Up-to-date: /home/ubuntu/workspace/install/mobility_driver/share/mobility_driver/environment/path.sh
-- Up-to-date: /home/ubuntu/workspace/install/mobility_driver/share/mobility_driver/environment/path.dsv
-- Up-to-date: /home/ubuntu/workspace/install/mobility_driver/share/mobility_driver/local_setup.bash
-- Up-to-date: /home/ubuntu/workspace/install/mobility_driver/share/mobility_driver/local_setup.sh
-- Up-to-date: /home/ubuntu/workspace/install/mobility_driver/share/mobility_driver/local_setup.zsh
-- Up-to-date: /home/ubuntu/workspace/install/mobility_driver/share/mobility_driver/local_setup.dsv
-- Installing: /home/ubuntu/workspace/install/mobility_driver/share/mobility_driver/package.dsv
-- Up-to-date: /home/ubuntu/workspace/install/mobility_driver/share/ament_index/resource_index/packages/mobility_driver
-- Up-to-date: /home/ubuntu/workspace/install/mobility_driver/share/mobility_driver/cmake/export_mobility_driverExport.cmake
-- Up-to-date: /home/ubuntu/workspace/install/mobility_driver/share/mobility_driver/cmake/export_mobility_driverExport-noconfig.cmake
-- Up-to-date: /home/ubuntu/workspace/install/mobility_driver/share/mobility_driver/cmake/ament_cmake_export_targets-extras.cmake
-- Up-to-date: /home/ubuntu/workspace/install/mobility_driver/share/mobility_driver/cmake/ament_cmake_export_dependencies-extras.cmake
-- Up-to-date: /home/ubuntu/workspace/install/mobility_driver/share/mobility_driver/cmake/mobility_driverConfig.cmake
-- Up-to-date: /home/ubuntu/workspace/install/mobility_driver/share/mobility_driver/cmake/mobility_driverConfig-version.cmake
-- Up-to-date: /home/ubuntu/workspace/install/mobility_driver/share/mobility_driver/package.xml
