[0.012s] Invoking command in '/home/ubuntu/workspace/build/mobility_driver': CMAKE_PREFIX_PATH=${CMAKE_PREFIX_PATH}:/opt/ros/rolling /usr/bin/cmake --build /home/ubuntu/workspace/build/mobility_driver -- -j12 -l12
[0.077s] [ 25%] [32mBuilding CXX object CMakeFiles/mobility_driver_lib.dir/src/MobilityDriver.cpp.o[0m
[3.827s] [ 50%] [32m[1mLinking CXX static library libmobility_driver_lib.a[0m
[3.877s] [ 50%] Built target mobility_driver_lib
[3.912s] [ 75%] [32m[1mLinking CXX executable mobility_driver_node[0m
[4.041s] [100%] Built target mobility_driver_node
[4.052s] Invoked command in '/home/ubuntu/workspace/build/mobility_driver' returned '0': CMAKE_PREFIX_PATH=${CMAKE_PREFIX_PATH}:/opt/ros/rolling /usr/bin/cmake --build /home/ubuntu/workspace/build/mobility_driver -- -j12 -l12
[4.076s] Invoking command in '/home/ubuntu/workspace/build/mobility_driver': CMAKE_PREFIX_PATH=${CMAKE_PREFIX_PATH}:/opt/ros/rolling /usr/bin/cmake --install /home/ubuntu/workspace/build/mobility_driver
[4.083s] -- Install configuration: ""
[4.084s] -- Up-to-date: /home/ubuntu/workspace/install/mobility_driver/include/mobility_driver
[4.084s] -- Up-to-date: /home/ubuntu/workspace/install/mobility_driver/include/mobility_driver/mobility_driver
[4.084s] -- Up-to-date: /home/ubuntu/workspace/install/mobility_driver/include/mobility_driver/mobility_driver/MobilityDriver.hpp
[4.084s] -- Installing: /home/ubuntu/workspace/install/mobility_driver/lib/libmobility_driver_lib.a
[4.088s] -- Installing: /home/ubuntu/workspace/install/mobility_driver/lib/mobility_driver/mobility_driver_node
[4.090s] -- Set non-toolchain portion of runtime path of "/home/ubuntu/workspace/install/mobility_driver/lib/mobility_driver/mobility_driver_node" to ""
[4.091s] -- Up-to-date: /home/ubuntu/workspace/install/mobility_driver/share/mobility_driver/environment/library_path.sh
[4.091s] -- Up-to-date: /home/ubuntu/workspace/install/mobility_driver/share/mobility_driver/environment/library_path.dsv
[4.091s] -- Up-to-date: /home/ubuntu/workspace/install/mobility_driver/share/ament_index/resource_index/package_run_dependencies/mobility_driver
[4.091s] -- Up-to-date: /home/ubuntu/workspace/install/mobility_driver/share/ament_index/resource_index/parent_prefix_path/mobility_driver
[4.091s] -- Up-to-date: /home/ubuntu/workspace/install/mobility_driver/share/mobility_driver/environment/ament_prefix_path.sh
[4.091s] -- Up-to-date: /home/ubuntu/workspace/install/mobility_driver/share/mobility_driver/environment/ament_prefix_path.dsv
[4.091s] -- Up-to-date: /home/ubuntu/workspace/install/mobility_driver/share/mobility_driver/environment/path.sh
[4.091s] -- Up-to-date: /home/ubuntu/workspace/install/mobility_driver/share/mobility_driver/environment/path.dsv
[4.091s] -- Up-to-date: /home/ubuntu/workspace/install/mobility_driver/share/mobility_driver/local_setup.bash
[4.092s] -- Up-to-date: /home/ubuntu/workspace/install/mobility_driver/share/mobility_driver/local_setup.sh
[4.092s] -- Up-to-date: /home/ubuntu/workspace/install/mobility_driver/share/mobility_driver/local_setup.zsh
[4.092s] -- Up-to-date: /home/ubuntu/workspace/install/mobility_driver/share/mobility_driver/local_setup.dsv
[4.092s] -- Installing: /home/ubuntu/workspace/install/mobility_driver/share/mobility_driver/package.dsv
[4.092s] -- Up-to-date: /home/ubuntu/workspace/install/mobility_driver/share/ament_index/resource_index/packages/mobility_driver
[4.092s] -- Up-to-date: /home/ubuntu/workspace/install/mobility_driver/share/mobility_driver/cmake/export_mobility_driverExport.cmake
[4.092s] -- Up-to-date: /home/ubuntu/workspace/install/mobility_driver/share/mobility_driver/cmake/export_mobility_driverExport-noconfig.cmake
[4.092s] -- Up-to-date: /home/ubuntu/workspace/install/mobility_driver/share/mobility_driver/cmake/ament_cmake_export_targets-extras.cmake
[4.092s] -- Up-to-date: /home/ubuntu/workspace/install/mobility_driver/share/mobility_driver/cmake/ament_cmake_export_dependencies-extras.cmake
[4.092s] -- Up-to-date: /home/ubuntu/workspace/install/mobility_driver/share/mobility_driver/cmake/mobility_driverConfig.cmake
[4.093s] -- Up-to-date: /home/ubuntu/workspace/install/mobility_driver/share/mobility_driver/cmake/mobility_driverConfig-version.cmake
[4.093s] -- Up-to-date: /home/ubuntu/workspace/install/mobility_driver/share/mobility_driver/package.xml
[4.094s] Invoked command in '/home/ubuntu/workspace/build/mobility_driver' returned '0': CMAKE_PREFIX_PATH=${CMAKE_PREFIX_PATH}:/opt/ros/rolling /usr/bin/cmake --install /home/ubuntu/workspace/build/mobility_driver
