[0.012s] Invoking command in '/home/ubuntu/workspace/build/mobility_driver': CMAKE_PREFIX_PATH=${CMAKE_PREFIX_PATH}:/opt/ros/rolling /usr/bin/cmake --build /home/ubuntu/workspace/build/mobility_driver -- -j12 -l12
[0.037s] -- Found ament_cmake: 2.6.0 (/opt/ros/rolling/share/ament_cmake/cmake)
[0.194s] -- Found rclcpp: 28.2.0 (/opt/ros/rolling/share/rclcpp/cmake)
[0.214s] -- Found rosidl_generator_c: 4.7.0 (/opt/ros/rolling/share/rosidl_generator_c/cmake)
[0.222s] -- Found rosidl_generator_cpp: 4.7.0 (/opt/ros/rolling/share/rosidl_generator_cpp/cmake)
[0.231s] -- Using all available rosidl_typesupport_c: rosidl_typesupport_fastrtps_c;rosidl_typesupport_introspection_c
[0.243s] -- Using all available rosidl_typesupport_cpp: rosidl_typesupport_fastrtps_cpp;rosidl_typesupport_introspection_cpp
[0.298s] -- Found rmw_implementation_cmake: 7.4.0 (/opt/ros/rolling/share/rmw_implementation_cmake/cmake)
[0.299s] -- Found rmw_fastrtps_cpp: 8.5.0 (/opt/ros/rolling/share/rmw_fastrtps_cpp/cmake)
[0.347s] -- Using RMW implementation 'rmw_fastrtps_cpp' as default
[0.399s] -- Found std_msgs: 5.4.0 (/opt/ros/rolling/share/std_msgs/cmake)
[0.414s] -- Found ament_lint_auto: 0.18.0 (/opt/ros/rolling/share/ament_lint_auto/cmake)
[0.491s] -- Added test 'cppcheck' to perform static code analysis on C / C++ code
[0.491s] -- Configured cppcheck include dirs: $<BUILD_INTERFACE:/home/ubuntu/workspace/src/mobility_driver/include>
[0.491s] -- Configured cppcheck exclude dirs and/or files: 
[0.492s] -- Added test 'lint_cmake' to check CMake code style
[0.493s] -- Added test 'uncrustify' to check C / C++ code style
[0.493s] -- Configured uncrustify additional arguments: 
[0.494s] -- Added test 'xmllint' to check XML markup files
[0.495s] -- Configuring done (0.5s)
[0.511s] -- Generating done (0.0s)
[0.513s] -- Build files have been written to: /home/ubuntu/workspace/build/mobility_driver
[0.560s] [ 50%] Built target mobility_driver_lib
[0.594s] [100%] Built target mobility_driver_node
[0.604s] Invoked command in '/home/ubuntu/workspace/build/mobility_driver' returned '0': CMAKE_PREFIX_PATH=${CMAKE_PREFIX_PATH}:/opt/ros/rolling /usr/bin/cmake --build /home/ubuntu/workspace/build/mobility_driver -- -j12 -l12
[0.627s] Invoking command in '/home/ubuntu/workspace/build/mobility_driver': CMAKE_PREFIX_PATH=${CMAKE_PREFIX_PATH}:/opt/ros/rolling /usr/bin/cmake --install /home/ubuntu/workspace/build/mobility_driver
[0.634s] -- Install configuration: ""
[0.634s] -- Up-to-date: /home/ubuntu/workspace/install/mobility_driver/lib/libmobility_driver_lib.a
[0.634s] -- Up-to-date: /home/ubuntu/workspace/install/mobility_driver/include/mobility_driver
[0.634s] -- Up-to-date: /home/ubuntu/workspace/install/mobility_driver/include/mobility_driver/mobility_driver
[0.635s] -- Up-to-date: /home/ubuntu/workspace/install/mobility_driver/include/mobility_driver/mobility_driver/MobilityDriver.hpp
[0.635s] -- Up-to-date: /home/ubuntu/workspace/install/mobility_driver/lib/mobility_driver/mobility_driver_node
[0.635s] -- Up-to-date: /home/ubuntu/workspace/install/mobility_driver/share/mobility_driver/environment/library_path.sh
[0.635s] -- Up-to-date: /home/ubuntu/workspace/install/mobility_driver/share/mobility_driver/environment/library_path.dsv
[0.635s] -- Up-to-date: /home/ubuntu/workspace/install/mobility_driver/share/ament_index/resource_index/package_run_dependencies/mobility_driver
[0.635s] -- Up-to-date: /home/ubuntu/workspace/install/mobility_driver/share/ament_index/resource_index/parent_prefix_path/mobility_driver
[0.635s] -- Up-to-date: /home/ubuntu/workspace/install/mobility_driver/share/mobility_driver/environment/ament_prefix_path.sh
[0.636s] -- Up-to-date: /home/ubuntu/workspace/install/mobility_driver/share/mobility_driver/environment/ament_prefix_path.dsv
[0.636s] -- Up-to-date: /home/ubuntu/workspace/install/mobility_driver/share/mobility_driver/environment/path.sh
[0.636s] -- Up-to-date: /home/ubuntu/workspace/install/mobility_driver/share/mobility_driver/environment/path.dsv
[0.636s] -- Up-to-date: /home/ubuntu/workspace/install/mobility_driver/share/mobility_driver/local_setup.bash
[0.636s] -- Up-to-date: /home/ubuntu/workspace/install/mobility_driver/share/mobility_driver/local_setup.sh
[0.636s] -- Up-to-date: /home/ubuntu/workspace/install/mobility_driver/share/mobility_driver/local_setup.zsh
[0.636s] -- Up-to-date: /home/ubuntu/workspace/install/mobility_driver/share/mobility_driver/local_setup.dsv
[0.636s] -- Installing: /home/ubuntu/workspace/install/mobility_driver/share/mobility_driver/package.dsv
[0.636s] -- Up-to-date: /home/ubuntu/workspace/install/mobility_driver/share/ament_index/resource_index/packages/mobility_driver
[0.636s] -- Up-to-date: /home/ubuntu/workspace/install/mobility_driver/share/mobility_driver/cmake/export_mobility_driverExport.cmake
[0.636s] -- Up-to-date: /home/ubuntu/workspace/install/mobility_driver/share/mobility_driver/cmake/export_mobility_driverExport-noconfig.cmake
[0.637s] -- Up-to-date: /home/ubuntu/workspace/install/mobility_driver/share/mobility_driver/cmake/ament_cmake_export_targets-extras.cmake
[0.637s] -- Up-to-date: /home/ubuntu/workspace/install/mobility_driver/share/mobility_driver/cmake/ament_cmake_export_dependencies-extras.cmake
[0.637s] -- Up-to-date: /home/ubuntu/workspace/install/mobility_driver/share/mobility_driver/cmake/mobility_driverConfig.cmake
[0.637s] -- Up-to-date: /home/ubuntu/workspace/install/mobility_driver/share/mobility_driver/cmake/mobility_driverConfig-version.cmake
[0.637s] -- Up-to-date: /home/ubuntu/workspace/install/mobility_driver/share/mobility_driver/package.xml
[0.638s] Invoked command in '/home/ubuntu/workspace/build/mobility_driver' returned '0': CMAKE_PREFIX_PATH=${CMAKE_PREFIX_PATH}:/opt/ros/rolling /usr/bin/cmake --install /home/ubuntu/workspace/build/mobility_driver
