[0.012s] Invoking command in '/home/ubuntu/workspace/build/mobility_driver': CMAKE_PREFIX_PATH=${CMAKE_PREFIX_PATH}:/opt/ros/rolling /usr/bin/cmake --build /home/ubuntu/workspace/build/mobility_driver -- -j12 -l12
[0.078s] [ 50%] Built target mobility_driver_lib
[0.103s] [100%] Built target mobility_driver_node
[0.118s] Invoked command in '/home/ubuntu/workspace/build/mobility_driver' returned '0': CMAKE_PREFIX_PATH=${CMAKE_PREFIX_PATH}:/opt/ros/rolling /usr/bin/cmake --build /home/ubuntu/workspace/build/mobility_driver -- -j12 -l12
[0.141s] Invoking command in '/home/ubuntu/workspace/build/mobility_driver': CMAKE_PREFIX_PATH=${CMAKE_PREFIX_PATH}:/opt/ros/rolling /usr/bin/cmake --install /home/ubuntu/workspace/build/mobility_driver
[0.148s] -- Install configuration: ""
[0.149s] -- Up-to-date: /home/ubuntu/workspace/install/mobility_driver/include/mobility_driver
[0.149s] -- Up-to-date: /home/ubuntu/workspace/install/mobility_driver/include/mobility_driver/mobility_driver
[0.149s] -- Up-to-date: /home/ubuntu/workspace/install/mobility_driver/include/mobility_driver/mobility_driver/MobilityDriver.hpp
[0.149s] -- Up-to-date: /home/ubuntu/workspace/install/mobility_driver/lib/libmobility_driver_lib.a
[0.149s] -- Up-to-date: /home/ubuntu/workspace/install/mobility_driver/lib/mobility_driver/mobility_driver_node
[0.149s] -- Up-to-date: /home/ubuntu/workspace/install/mobility_driver/share/mobility_driver/environment/library_path.sh
[0.149s] -- Up-to-date: /home/ubuntu/workspace/install/mobility_driver/share/mobility_driver/environment/library_path.dsv
[0.149s] -- Up-to-date: /home/ubuntu/workspace/install/mobility_driver/share/ament_index/resource_index/package_run_dependencies/mobility_driver
[0.149s] -- Up-to-date: /home/ubuntu/workspace/install/mobility_driver/share/ament_index/resource_index/parent_prefix_path/mobility_driver
[0.150s] -- Up-to-date: /home/ubuntu/workspace/install/mobility_driver/share/mobility_driver/environment/ament_prefix_path.sh
[0.150s] -- Up-to-date: /home/ubuntu/workspace/install/mobility_driver/share/mobility_driver/environment/ament_prefix_path.dsv
[0.150s] -- Up-to-date: /home/ubuntu/workspace/install/mobility_driver/share/mobility_driver/environment/path.sh
[0.150s] -- Up-to-date: /home/ubuntu/workspace/install/mobility_driver/share/mobility_driver/environment/path.dsv
[0.150s] -- Up-to-date: /home/ubuntu/workspace/install/mobility_driver/share/mobility_driver/local_setup.bash
[0.150s] -- Up-to-date: /home/ubuntu/workspace/install/mobility_driver/share/mobility_driver/local_setup.sh
[0.150s] -- Up-to-date: /home/ubuntu/workspace/install/mobility_driver/share/mobility_driver/local_setup.zsh
[0.150s] -- Up-to-date: /home/ubuntu/workspace/install/mobility_driver/share/mobility_driver/local_setup.dsv
[0.150s] -- Installing: /home/ubuntu/workspace/install/mobility_driver/share/mobility_driver/package.dsv
[0.150s] -- Up-to-date: /home/ubuntu/workspace/install/mobility_driver/share/ament_index/resource_index/packages/mobility_driver
[0.151s] -- Up-to-date: /home/ubuntu/workspace/install/mobility_driver/share/mobility_driver/cmake/export_mobility_driverExport.cmake
[0.151s] -- Up-to-date: /home/ubuntu/workspace/install/mobility_driver/share/mobility_driver/cmake/export_mobility_driverExport-noconfig.cmake
[0.151s] -- Up-to-date: /home/ubuntu/workspace/install/mobility_driver/share/mobility_driver/cmake/ament_cmake_export_targets-extras.cmake
[0.151s] -- Up-to-date: /home/ubuntu/workspace/install/mobility_driver/share/mobility_driver/cmake/ament_cmake_export_dependencies-extras.cmake
[0.151s] -- Up-to-date: /home/ubuntu/workspace/install/mobility_driver/share/mobility_driver/cmake/mobility_driverConfig.cmake
[0.151s] -- Up-to-date: /home/ubuntu/workspace/install/mobility_driver/share/mobility_driver/cmake/mobility_driverConfig-version.cmake
[0.151s] -- Up-to-date: /home/ubuntu/workspace/install/mobility_driver/share/mobility_driver/package.xml
[0.152s] Invoked command in '/home/ubuntu/workspace/build/mobility_driver' returned '0': CMAKE_PREFIX_PATH=${CMAKE_PREFIX_PATH}:/opt/ros/rolling /usr/bin/cmake --install /home/ubuntu/workspace/build/mobility_driver
