[0.012s] Invoking command in '/home/ubuntu/workspace/build/mobility_driver': CMAKE_PREFIX_PATH=${CMAKE_PREFIX_PATH}:/opt/ros/rolling /usr/bin/cmake --build /home/ubuntu/workspace/build/mobility_driver -- -j12 -l12
[0.036s] -- Found ament_cmake: 2.6.0 (/opt/ros/rolling/share/ament_cmake/cmake)
[0.191s] -- Found rclcpp: 28.2.0 (/opt/ros/rolling/share/rclcpp/cmake)
[0.211s] -- Found rosidl_generator_c: 4.7.0 (/opt/ros/rolling/share/rosidl_generator_c/cmake)
[0.219s] -- Found rosidl_generator_cpp: 4.7.0 (/opt/ros/rolling/share/rosidl_generator_cpp/cmake)
[0.228s] -- Using all available rosidl_typesupport_c: rosidl_typesupport_fastrtps_c;rosidl_typesupport_introspection_c
[0.239s] -- Using all available rosidl_typesupport_cpp: rosidl_typesupport_fastrtps_cpp;rosidl_typesupport_introspection_cpp
[0.293s] -- Found rmw_implementation_cmake: 7.4.0 (/opt/ros/rolling/share/rmw_implementation_cmake/cmake)
[0.294s] -- Found rmw_fastrtps_cpp: 8.5.0 (/opt/ros/rolling/share/rmw_fastrtps_cpp/cmake)
[0.343s] -- Using RMW implementation 'rmw_fastrtps_cpp' as default
[0.407s] -- Found std_msgs: 5.4.0 (/opt/ros/rolling/share/std_msgs/cmake)
[0.423s] -- Found ament_lint_auto: 0.18.0 (/opt/ros/rolling/share/ament_lint_auto/cmake)
[0.499s] -- Added test 'cppcheck' to perform static code analysis on C / C++ code
[0.499s] -- Configured cppcheck include dirs: $<BUILD_INTERFACE:/home/ubuntu/workspace/src/mobility_driver/include>
[0.499s] -- Configured cppcheck exclude dirs and/or files: 
[0.500s] -- Added test 'lint_cmake' to check CMake code style
[0.501s] -- Added test 'uncrustify' to check C / C++ code style
[0.501s] -- Configured uncrustify additional arguments: 
[0.502s] -- Added test 'xmllint' to check XML markup files
[0.503s] -- Configuring done (0.5s)
[0.520s] -- Generating done (0.0s)
[0.522s] -- Build files have been written to: /home/ubuntu/workspace/build/mobility_driver
[0.573s] [ 25%] [32mBuilding CXX object CMakeFiles/mobility_driver_lib.dir/src/MobilityDriver.cpp.o[0m
[2.526s] [01m[K/home/ubuntu/workspace/src/mobility_driver/src/MobilityDriver.cpp:15:1:[m[K [01;31m[Kerror: [m[Kredefinition of ‘[01m[Kmobility_driver::MobilityDriver::[01;32m[KMobilityDriver[m[K()[m[K’
[2.527s]    15 | [01;31m[KMobilityDriver[m[K::MobilityDriver()
[2.527s]       | [01;31m[K^~~~~~~~~~~~~~[m[K
[2.527s] In file included from [01m[K/home/ubuntu/workspace/src/mobility_driver/src/MobilityDriver.cpp:6[m[K:
[2.527s] [01m[K/home/ubuntu/workspace/src/mobility_driver/include/mobility_driver/MobilityDriver.hpp:12:5:[m[K [01;36m[Knote: [m[K‘[01m[Kmobility_driver::MobilityDriver::[01;32m[KMobilityDriver[m[K()[m[K’ previously defined here
[2.527s]    12 |     [01;36m[KMobilityDriver[m[K()
[2.527s]       |     [01;36m[K^~~~~~~~~~~~~~[m[K
[3.142s] gmake[2]: *** [CMakeFiles/mobility_driver_lib.dir/build.make:76: CMakeFiles/mobility_driver_lib.dir/src/MobilityDriver.cpp.o] Error 1
[3.142s] gmake[1]: *** [CMakeFiles/Makefile2:139: CMakeFiles/mobility_driver_lib.dir/all] Error 2
[3.142s] gmake: *** [Makefile:146: all] Error 2
[3.144s] Invoked command in '/home/ubuntu/workspace/build/mobility_driver' returned '2': CMAKE_PREFIX_PATH=${CMAKE_PREFIX_PATH}:/opt/ros/rolling /usr/bin/cmake --build /home/ubuntu/workspace/build/mobility_driver -- -j12 -l12
