[0.010s] Invoking command in '/home/ubuntu/workspace/build/pico_interface': CMAKE_PREFIX_PATH=${CMAKE_PREFIX_PATH}:/opt/ros/rolling /usr/bin/cmake --build /home/ubuntu/workspace/build/pico_interface -- -j12 -l12
[0.043s] Invoked command in '/home/ubuntu/workspace/build/pico_interface' returned '0': CMAKE_PREFIX_PATH=${CMAKE_PREFIX_PATH}:/opt/ros/rolling /usr/bin/cmake --build /home/ubuntu/workspace/build/pico_interface -- -j12 -l12
[0.068s] Invoking command in '/home/ubuntu/workspace/build/pico_interface': CMAKE_PREFIX_PATH=${CMAKE_PREFIX_PATH}:/opt/ros/rolling /usr/bin/cmake --install /home/ubuntu/workspace/build/pico_interface
[0.074s] -- Install configuration: ""
[0.075s] -- Up-to-date: /home/ubuntu/workspace/install/pico_interface/share/ament_index/resource_index/package_run_dependencies/pico_interface
[0.075s] -- Up-to-date: /home/ubuntu/workspace/install/pico_interface/share/ament_index/resource_index/parent_prefix_path/pico_interface
[0.075s] -- Up-to-date: /home/ubuntu/workspace/install/pico_interface/share/pico_interface/environment/ament_prefix_path.sh
[0.075s] -- Up-to-date: /home/ubuntu/workspace/install/pico_interface/share/pico_interface/environment/ament_prefix_path.dsv
[0.075s] -- Up-to-date: /home/ubuntu/workspace/install/pico_interface/share/pico_interface/environment/path.sh
[0.075s] -- Up-to-date: /home/ubuntu/workspace/install/pico_interface/share/pico_interface/environment/path.dsv
[0.075s] -- Up-to-date: /home/ubuntu/workspace/install/pico_interface/share/pico_interface/local_setup.bash
[0.075s] -- Up-to-date: /home/ubuntu/workspace/install/pico_interface/share/pico_interface/local_setup.sh
[0.076s] -- Up-to-date: /home/ubuntu/workspace/install/pico_interface/share/pico_interface/local_setup.zsh
[0.076s] -- Up-to-date: /home/ubuntu/workspace/install/pico_interface/share/pico_interface/local_setup.dsv
[0.076s] -- Installing: /home/ubuntu/workspace/install/pico_interface/share/pico_interface/package.dsv
[0.076s] -- Up-to-date: /home/ubuntu/workspace/install/pico_interface/share/ament_index/resource_index/packages/pico_interface
[0.076s] -- Up-to-date: /home/ubuntu/workspace/install/pico_interface/share/pico_interface/cmake/pico_interfaceConfig.cmake
[0.076s] -- Up-to-date: /home/ubuntu/workspace/install/pico_interface/share/pico_interface/cmake/pico_interfaceConfig-version.cmake
[0.076s] -- Up-to-date: /home/ubuntu/workspace/install/pico_interface/share/pico_interface/package.xml
[0.077s] Invoked command in '/home/ubuntu/workspace/build/pico_interface' returned '0': CMAKE_PREFIX_PATH=${CMAKE_PREFIX_PATH}:/opt/ros/rolling /usr/bin/cmake --install /home/ubuntu/workspace/build/pico_interface
