[0.010s] Invoking command in '/home/ubuntu/workspace/build/mobility_driver': CMAKE_PREFIX_PATH=/opt/ros/rolling /usr/bin/cmake /home/ubuntu/workspace/src/mobility_driver -DCMAKE_INSTALL_PREFIX=/home/ubuntu/workspace/install/mobility_driver
[0.067s] -- The C compiler identification is GNU 13.2.0
[0.140s] -- The CXX compiler identification is GNU 13.2.0
[0.154s] -- Detecting C compiler ABI info
[0.228s] -- Detecting C compiler ABI info - done
[0.237s] -- Check for working C compiler: /usr/bin/cc - skipped
[0.237s] -- Detecting C compile features
[0.237s] -- Detecting C compile features - done
[0.245s] -- Detecting CXX compiler ABI info
[0.329s] -- Detecting CXX compiler ABI info - done
[0.341s] -- Check for working CXX compiler: /usr/bin/c++ - skipped
[0.341s] -- Detecting CXX compile features
[0.341s] -- Detecting CXX compile features - done
[0.344s] -- Found ament_cmake: 2.6.0 (/opt/ros/rolling/share/ament_cmake/cmake)
[0.448s] -- Found Python3: /usr/bin/python3 (found version "3.12.3") found components: Interpreter 
[0.536s] -- Found rclcpp: 28.2.0 (/opt/ros/rolling/share/rclcpp/cmake)
[0.568s] -- Found rosidl_generator_c: 4.7.0 (/opt/ros/rolling/share/rosidl_generator_c/cmake)
[0.579s] -- Found rosidl_generator_cpp: 4.7.0 (/opt/ros/rolling/share/rosidl_generator_cpp/cmake)
[0.593s] -- Using all available rosidl_typesupport_c: rosidl_typesupport_fastrtps_c;rosidl_typesupport_introspection_c
[0.609s] -- Using all available rosidl_typesupport_cpp: rosidl_typesupport_fastrtps_cpp;rosidl_typesupport_introspection_cpp
[0.681s] -- Found rmw_implementation_cmake: 7.4.0 (/opt/ros/rolling/share/rmw_implementation_cmake/cmake)
[0.683s] -- Found rmw_fastrtps_cpp: 8.5.0 (/opt/ros/rolling/share/rmw_fastrtps_cpp/cmake)
[0.752s] -- Found OpenSSL: /usr/lib/x86_64-linux-gnu/libcrypto.so (found version "3.0.13")  
[0.763s] -- Found FastRTPS: /opt/ros/rolling/include (Required is at least version "2.13") 
[0.781s] -- Using RMW implementation 'rmw_fastrtps_cpp' as default
[0.849s] [31mCMake Error at CMakeLists.txt:14 (target_link_directories):
[0.849s]   target_link_directories called with incorrect number of arguments
[0.849s] 
[0.849s] [0m
[0.851s] -- Found ament_lint_auto: 0.18.0 (/opt/ros/rolling/share/ament_lint_auto/cmake)
[0.935s] -- Added test 'cppcheck' to perform static code analysis on C / C++ code
[0.935s] -- Configured cppcheck include dirs: 
[0.935s] -- Configured cppcheck exclude dirs and/or files: 
[0.936s] -- Added test 'lint_cmake' to check CMake code style
[0.937s] -- Added test 'uncrustify' to check C / C++ code style
[0.937s] -- Configured uncrustify additional arguments: 
[0.938s] -- Added test 'xmllint' to check XML markup files
[0.940s] -- Configuring incomplete, errors occurred!
[0.946s] Invoked command in '/home/ubuntu/workspace/build/mobility_driver' returned '1': CMAKE_PREFIX_PATH=/opt/ros/rolling /usr/bin/cmake /home/ubuntu/workspace/src/mobility_driver -DCMAKE_INSTALL_PREFIX=/home/ubuntu/workspace/install/mobility_driver
